<?xml version="1.0" encoding="UTF-8"?>
<testsuite xmlns:xsi="http://www.w3.org/2001/XMLSchema-instance" xsi:noNamespaceSchemaLocation="https://maven.apache.org/surefire/maven-surefire-plugin/xsd/surefire-test-report.xsd" name="QuadruplyLinkedList.QuadruplyLinkedListTests" time="0.104" tests="3" errors="0" skipped="0" failures="0">
  <properties>
[...]
</properties>
  <testcase name="list_instantiates_every_node_with_pointers_to_other_nodes" classname="QuadruplyLinkedList.QuadruplyLinkedListTests" time="0.015"/>
  <testcase name="list_creates_with_given_width" classname="QuadruplyLinkedList.QuadruplyLinkedListTests" time="0"/>
  <testcase name="list_creates_with_given_height" classname="QuadruplyLinkedList.QuadruplyLinkedListTests" time="0"/>
</testsuite>